<?xml version="1.0" encoding="UTF-8"?>
<!-- Generated by org.testng.reporters.JUnitReportReporter -->
<testsuite hostname="LAPTOP-425OC920" failures="0" tests="1" name="com.assignment8.DataDriven_FrameWork" time="68.586" errors="0" timestamp="2024-09-18T13:48:09 IST" skipped="0">
  <testcase classname="com.assignment8.DataDriven_FrameWork" name="test" time="68.586"/>
</testsuite> <!-- com.assignment8.DataDriven_FrameWork -->
