<?xml version="1.0" encoding="UTF-8"?>
<!-- Generated by org.testng.reporters.JUnitReportReporter -->
<testsuite hostname="LAPTOP-425OC920" failures="0" tests="1" name="com.assignment8.Mvn_JunitWebdriver" time="15.823" errors="0" timestamp="2024-09-18T14:08:57 IST" skipped="0">
  <testcase classname="com.assignment8.Mvn_JunitWebdriver" name="test" time="15.823"/>
</testsuite> <!-- com.assignment8.Mvn_JunitWebdriver -->
