<?xml version="1.0" encoding="UTF-8"?>
<!-- Generated by org.testng.reporters.JUnitReportReporter -->
<testsuite hostname="LAPTOP-425OC920" failures="0" tests="6" name="com.assignment8.HybrideDriven_FrameWork" time="59.925" errors="0" timestamp="2024-09-18T13:54:13 IST" skipped="0">
  <testcase classname="com.assignment8.HybrideDriven_FrameWork" name="test" time="27.278"/>
  <testcase classname="com.assignment8.HybrideDriven_FrameWork" name="test" time="22.459"/>
  <testcase classname="com.assignment8.HybrideDriven_FrameWork" name="test" time="2.484"/>
  <testcase classname="com.assignment8.HybrideDriven_FrameWork" name="test" time="3.137"/>
  <testcase classname="com.assignment8.HybrideDriven_FrameWork" name="test" time="2.346"/>
  <testcase classname="com.assignment8.HybrideDriven_FrameWork" name="test" time="2.221"/>
</testsuite> <!-- com.assignment8.HybrideDriven_FrameWork -->
